# JRE version: Java(TM) SE Runtime Environment (24.0+36) (build 24+36-3646)
# Java VM: Java HotSpot(TM) 64-Bit Server VM (24+36-3646, mixed mode, sharing, tiered, compressed oops, compressed class ptrs, g1 gc, windows-amd64)
GC Precious Log:
 CardTable entry size: 512
 Card Set container configuration: InlinePtr #cards 5 size 8 Array Of Cards #cards 10 size 36 Howl #buckets 4 coarsen threshold 1843 Howl Bitmap #cards 512 size 80 coarsen threshold 460 Card regions per heap region 1 cards per card region 2048
 CPUs: 4 total, 4 available
 Memory: 7958M
 Large Page Support: Disabled
 NUMA Support: Disabled
 Compressed Oops: Enabled (32-bit)
 Heap Region Size: 1M
 Heap Min Capacity: 8M
 Heap Initial Capacity: 126M
 Heap Max Capacity: 1990M
 Pre-touch: Disabled
 Parallel Workers: 4
 Concurrent Workers: 1
 Concurrent Refinement Workers: 4
 Periodic GC: Disabled
Heap:
 garbage-first heap   total reserved 2037760K, committed 143360K, used 124203K [0x0000000083a00000, 0x0000000100000000)
  region size 1024K, 51 young (52224K), 5 survivors (5120K)
 Metaspace       used 30440K, committed 30784K, reserved 1114112K
  class space    used 2821K, committed 2944K, reserved 1048576K
GC Heap History (20 events):
Event: 15.983 GC heap before
{Heap before GC invocations=7 (full 0):
 garbage-first heap   total reserved 2037760K, committed 117760K, used 90344K [0x0000000083a00000, 0x0000000100000000)
  region size 1024K, 47 young (48128K), 8 survivors (8192K)
 Metaspace       used 26864K, committed 27264K, reserved 1114112K
  class space    used 2536K, committed 2688K, reserved 1048576K
}
Event: 16.009 GC heap after
{Heap after GC invocations=8 (full 0):
 garbage-first heap   total reserved 2037760K, committed 117760K, used 61043K [0x0000000083a00000, 0x0000000100000000)
  region size 1024K, 6 young (6144K), 6 survivors (6144K)
 Metaspace       used 26864K, committed 27264K, reserved 1114112K
  class space    used 2536K, committed 2688K, reserved 1048576K
}
Event: 16.424 GC heap before
{Heap before GC invocations=8 (full 0):
 garbage-first heap   total reserved 2037760K, committed 117760K, used 94835K [0x0000000083a00000, 0x0000000100000000)
  region size 1024K, 39 young (39936K), 6 survivors (6144K)
 Metaspace       used 27007K, committed 27392K, reserved 1114112K
  class space    used 2540K, committed 2688K, reserved 1048576K
}
Event: 16.450 GC heap after
{Heap after GC invocations=9 (full 0):
 garbage-first heap   total reserved 2037760K, committed 117760K, used 65651K [0x0000000083a00000, 0x0000000100000000)
  region size 1024K, 5 young (5120K), 5 survivors (5120K)
 Metaspace       used 27007K, committed 27392K, reserved 1114112K
  class space    used 2540K, committed 2688K, reserved 1048576K
}
Event: 17.010 GC heap before
{Heap before GC invocations=10 (full 0):
 garbage-first heap   total reserved 2037760K, committed 117760K, used 98419K [0x0000000083a00000, 0x0000000100000000)
  region size 1024K, 37 young (37888K), 5 survivors (5120K)
 Metaspace       used 27257K, committed 27584K, reserved 1114112K
  class space    used 2549K, committed 2688K, reserved 1048576K
}
Event: 17.029 GC heap after
{Heap after GC invocations=11 (full 0):
 garbage-first heap   total reserved 2037760K, committed 117760K, used 70771K [0x0000000083a00000, 0x0000000100000000)
  region size 1024K, 5 young (5120K), 5 survivors (5120K)
 Metaspace       used 27257K, committed 27584K, reserved 1114112K
  class space    used 2549K, committed 2688K, reserved 1048576K
}
Event: 17.790 GC heap before
{Heap before GC invocations=11 (full 0):
 garbage-first heap   total reserved 2037760K, committed 117760K, used 100467K [0x0000000083a00000, 0x0000000100000000)
  region size 1024K, 34 young (34816K), 5 survivors (5120K)
 Metaspace       used 28741K, committed 29120K, reserved 1114112K
  class space    used 2715K, committed 2880K, reserved 1048576K
}
Event: 17.808 GC heap after
{Heap after GC invocations=12 (full 0):
 garbage-first heap   total reserved 2037760K, committed 143360K, used 71233K [0x0000000083a00000, 0x0000000100000000)
  region size 1024K, 2 young (2048K), 2 survivors (2048K)
 Metaspace       used 28741K, committed 29120K, reserved 1114112K
  class space    used 2715K, committed 2880K, reserved 1048576K
}
Event: 20.116 GC heap before
{Heap before GC invocations=12 (full 0):
 garbage-first heap   total reserved 2037760K, committed 143360K, used 119361K [0x0000000083a00000, 0x0000000100000000)
  region size 1024K, 49 young (50176K), 2 survivors (2048K)
 Metaspace       used 29721K, committed 30080K, reserved 1114112K
  class space    used 2786K, committed 2944K, reserved 1048576K
}
Event: 20.127 GC heap after
{Heap after GC invocations=13 (full 0):
 garbage-first heap   total reserved 2037760K, committed 143360K, used 73466K [0x0000000083a00000, 0x0000000100000000)
  region size 1024K, 4 young (4096K), 4 survivors (4096K)
 Metaspace       used 29721K, committed 30080K, reserved 1114112K
  class space    used 2786K, committed 2944K, reserved 1048576K
}
Event: 22.273 GC heap before
{Heap before GC invocations=14 (full 0):
 garbage-first heap   total reserved 2037760K, committed 143360K, used 122618K [0x0000000083a00000, 0x0000000100000000)
  region size 1024K, 52 young (53248K), 4 survivors (4096K)
 Metaspace       used 30120K, committed 30464K, reserved 1114112K
  class space    used 2810K, committed 2944K, reserved 1048576K
}
Event: 22.284 GC heap after
{Heap after GC invocations=15 (full 0):
 garbage-first heap   total reserved 2037760K, committed 143360K, used 74569K [0x0000000083a00000, 0x0000000100000000)
  region size 1024K, 5 young (5120K), 5 survivors (5120K)
 Metaspace       used 30120K, committed 30464K, reserved 1114112K
  class space    used 2810K, committed 2944K, reserved 1048576K
}
Event: 24.093 GC heap before
{Heap before GC invocations=15 (full 0):
 garbage-first heap   total reserved 2037760K, committed 143360K, used 124745K [0x0000000083a00000, 0x0000000100000000)
  region size 1024K, 54 young (55296K), 5 survivors (5120K)
 Metaspace       used 30200K, committed 30528K, reserved 1114112K
  class space    used 2815K, committed 2944K, reserved 1048576K
}
Event: 24.107 GC heap after
{Heap after GC invocations=16 (full 0):
 garbage-first heap   total reserved 2037760K, committed 143360K, used 75108K [0x0000000083a00000, 0x0000000100000000)
  region size 1024K, 5 young (5120K), 5 survivors (5120K)
 Metaspace       used 30200K, committed 30528K, reserved 1114112K
  class space    used 2815K, committed 2944K, reserved 1048576K
}
Event: 25.871 GC heap before
{Heap before GC invocations=16 (full 0):
 garbage-first heap   total reserved 2037760K, committed 143360K, used 127332K [0x0000000083a00000, 0x0000000100000000)
  region size 1024K, 56 young (57344K), 5 survivors (5120K)
 Metaspace       used 30235K, committed 30592K, reserved 1114112K
  class space    used 2815K, committed 2944K, reserved 1048576K
}
Event: 25.883 GC heap after
{Heap after GC invocations=17 (full 0):
 garbage-first heap   total reserved 2037760K, committed 143360K, used 76485K [0x0000000083a00000, 0x0000000100000000)
  region size 1024K, 4 young (4096K), 4 survivors (4096K)
 Metaspace       used 30235K, committed 30592K, reserved 1114112K
  class space    used 2815K, committed 2944K, reserved 1048576K
}
Event: 27.565 GC heap before
{Heap before GC invocations=18 (full 0):
 garbage-first heap   total reserved 2037760K, committed 143360K, used 129733K [0x0000000083a00000, 0x0000000100000000)
  region size 1024K, 56 young (57344K), 4 survivors (4096K)
 Metaspace       used 30339K, committed 30656K, reserved 1114112K
  class space    used 2816K, committed 2944K, reserved 1048576K
}
Event: 27.576 GC heap after
{Heap after GC invocations=19 (full 0):
 garbage-first heap   total reserved 2037760K, committed 143360K, used 77904K [0x0000000083a00000, 0x0000000100000000)
  region size 1024K, 5 young (5120K), 5 survivors (5120K)
 Metaspace       used 30339K, committed 30656K, reserved 1114112K
  class space    used 2816K, committed 2944K, reserved 1048576K
}
Event: 28.490 GC heap before
{Heap before GC invocations=19 (full 0):
 garbage-first heap   total reserved 2037760K, committed 143360K, used 130128K [0x0000000083a00000, 0x0000000100000000)
  region size 1024K, 56 young (57344K), 5 survivors (5120K)
 Metaspace       used 30400K, committed 30784K, reserved 1114112K
  class space    used 2818K, committed 2944K, reserved 1048576K
}
Event: 28.505 GC heap after
{Heap after GC invocations=20 (full 0):
 garbage-first heap   total reserved 2037760K, committed 143360K, used 78123K [0x0000000083a00000, 0x0000000100000000)
  region size 1024K, 5 young (5120K), 5 survivors (5120K)
 Metaspace       used 30400K, committed 30784K, reserved 1114112K
  class space    used 2818K, committed 2944K, reserved 1048576K
}

